2025-07-14 22:31:35,692 - __main__ - INFO - Starting Flow Analysis Lab application
2025-07-14 22:31:36,176 - __main__ - INFO - Main window displayed
2025-07-14 22:33:27,723 - __main__ - INFO - Starting Flow Analysis Lab application
2025-07-14 22:33:27,987 - __main__ - INFO - Main window displayed
2025-07-14 22:34:22,103 - __main__ - INFO - Starting Flow Analysis Lab application
2025-07-14 22:34:22,354 - __main__ - INFO - Main window displayed
2025-07-14 22:36:26,061 - __main__ - INFO - Starting Flow Analysis Lab application
2025-07-14 22:36:26,204 - __main__ - ERROR - Failed to launch application
Traceback (most recent call last):
  File "/Users/ymorocz/Documents/GitHub/FAB/main.py", line 54, in launch_app
    window = UIController(session=session, engine=engine)
             ^^^^^^^^^^^^^^^^^^^^^^^^^^^^^^^^^^^^^^^^^^^^
  File "/Users/ymorocz/Documents/GitHub/FAB/controllers/ui_controller.py", line 41, in __init__
    self._build_ui()
  File "/Users/ymorocz/Documents/GitHub/FAB/controllers/ui_controller.py", line 86, in _build_ui
    self.scan_ctrl = ScanController(
                     ^^^^^^^^^^^^^^^
  File "/Users/ymorocz/Documents/GitHub/FAB/controllers/scan_controller.py", line 96, in __init__
    self._setup_worker()
  File "/Users/ymorocz/Documents/GitHub/FAB/controllers/scan_controller.py", line 167, in _setup_worker
    self.worker = ScanWorker(self.engine, self.session,
                 ^^^^^^^^^^^^^^^^^^^^^^^^^^^^^^^^^^^^^^
TypeError: ScanWorker.__init__() takes 4 positional arguments but 5 were given
2025-07-14 22:36:26,205 - __main__ - CRITICAL - Fatal error launching application: ScanWorker.__init__() takes 4 positional arguments but 5 were given
2025-07-14 22:39:13,129 - __main__ - INFO - Starting Flow Analysis Lab application
2025-07-14 22:39:13,396 - __main__ - INFO - Main window displayed
2025-07-14 22:42:05,982 - __main__ - INFO - Starting Flow Analysis Lab application
2025-07-14 22:42:06,234 - __main__ - INFO - Main window displayed
2025-07-14 22:46:47,537 - __main__ - INFO - Starting Flow Analysis Lab application
2025-07-14 22:46:47,746 - __main__ - INFO - Main window displayed
2025-07-14 22:52:57,520 - __main__ - INFO - Starting Flow Analysis Lab application
2025-07-14 22:52:57,806 - __main__ - INFO - Main window displayed
2025-07-14 22:54:42,214 - __main__ - INFO - Starting Flow Analysis Lab application
2025-07-14 22:54:42,480 - __main__ - INFO - Main window displayed
2025-07-14 22:59:27,865 - __main__ - INFO - Starting Flow Analysis Lab application
2025-07-14 22:59:28,069 - __main__ - INFO - Main window displayed
2025-07-14 23:05:59,913 - __main__ - INFO - Starting Flow Analysis Lab application
2025-07-14 23:06:00,146 - __main__ - ERROR - Failed to launch application
Traceback (most recent call last):
  File "/Users/ymorocz/Documents/GitHub/FAB/main.py", line 54, in launch_app
    window = UIController(session=session, engine=engine)
             ^^^^^^^^^^^^^^^^^^^^^^^^^^^^^^^^^^^^^^^^^^^^
  File "/Users/ymorocz/Documents/GitHub/FAB/controllers/ui_controller.py", line 35, in __init__
    self._build_ui()
  File "/Users/ymorocz/Documents/GitHub/FAB/controllers/ui_controller.py", line 103, in _build_ui
    self.show_step(1)
  File "/Users/ymorocz/Documents/GitHub/FAB/controllers/ui_controller.py", line 126, in show_step
    if step == self.total_steps:
               ^^^^^^^^^^^^^^^^
AttributeError: 'UIController' object has no attribute 'total_steps'
2025-07-14 23:06:00,146 - __main__ - CRITICAL - Fatal error launching application: 'UIController' object has no attribute 'total_steps'
2025-07-14 23:06:04,340 - __main__ - INFO - Starting Flow Analysis Lab application
2025-07-14 23:06:04,465 - __main__ - ERROR - Failed to launch application
Traceback (most recent call last):
  File "/Users/ymorocz/Documents/GitHub/FAB/main.py", line 54, in launch_app
    window = UIController(session=session, engine=engine)
             ^^^^^^^^^^^^^^^^^^^^^^^^^^^^^^^^^^^^^^^^^^^^
  File "/Users/ymorocz/Documents/GitHub/FAB/controllers/ui_controller.py", line 35, in __init__
    self._build_ui()
  File "/Users/ymorocz/Documents/GitHub/FAB/controllers/ui_controller.py", line 103, in _build_ui
    self.show_step(1)
  File "/Users/ymorocz/Documents/GitHub/FAB/controllers/ui_controller.py", line 126, in show_step
    if step == self.total_steps:
               ^^^^^^^^^^^^^^^^
AttributeError: 'UIController' object has no attribute 'total_steps'
2025-07-14 23:06:04,465 - __main__ - CRITICAL - Fatal error launching application: 'UIController' object has no attribute 'total_steps'
2025-07-14 23:06:06,447 - __main__ - INFO - Starting Flow Analysis Lab application
2025-07-14 23:06:06,573 - __main__ - ERROR - Failed to launch application
Traceback (most recent call last):
  File "/Users/ymorocz/Documents/GitHub/FAB/main.py", line 54, in launch_app
    window = UIController(session=session, engine=engine)
             ^^^^^^^^^^^^^^^^^^^^^^^^^^^^^^^^^^^^^^^^^^^^
  File "/Users/ymorocz/Documents/GitHub/FAB/controllers/ui_controller.py", line 35, in __init__
    self._build_ui()
  File "/Users/ymorocz/Documents/GitHub/FAB/controllers/ui_controller.py", line 103, in _build_ui
    self.show_step(1)
  File "/Users/ymorocz/Documents/GitHub/FAB/controllers/ui_controller.py", line 126, in show_step
    if step == self.total_steps:
               ^^^^^^^^^^^^^^^^
AttributeError: 'UIController' object has no attribute 'total_steps'
2025-07-14 23:06:06,574 - __main__ - CRITICAL - Fatal error launching application: 'UIController' object has no attribute 'total_steps'
2025-07-14 23:07:20,255 - __main__ - INFO - Starting Flow Analysis Lab application
2025-07-14 23:07:20,467 - __main__ - INFO - Main window displayed
2025-07-14 23:09:19,572 - __main__ - INFO - Starting Flow Analysis Lab application
2025-07-14 23:09:19,785 - __main__ - INFO - Main window displayed
2025-07-14 23:11:36,740 - __main__ - INFO - Starting Flow Analysis Lab application
2025-07-14 23:11:36,910 - __main__ - INFO - Main window displayed
2025-07-14 23:14:17,059 - __main__ - INFO - Starting Flow Analysis Lab application
2025-07-14 23:14:17,193 - __main__ - ERROR - Failed to launch application
Traceback (most recent call last):
  File "/Users/ymorocz/Documents/GitHub/FAB/main.py", line 60, in launch_app
    window = UIController(session=session, engine=engine)
             ^^^^^^^^^^^^^^^^^^^^^^^^^^^^^^^^^^^^^^^^^^^^
  File "/Users/ymorocz/Documents/GitHub/FAB/controllers/ui_controller.py", line 36, in __init__
    self._build_ui()
  File "/Users/ymorocz/Documents/GitHub/FAB/controllers/ui_controller.py", line 83, in _build_ui
    self.rotate_ctrl = RotateController(
                       ^^^^^^^^^^^^^^^^^
  File "/Users/ymorocz/Documents/GitHub/FAB/controllers/rotate_controller.py", line 44, in __init__
    self._build_ui()
    ^^^^^^^^^^^^^^
AttributeError: 'RotateController' object has no attribute '_build_ui'
2025-07-14 23:14:17,194 - __main__ - CRITICAL - Fatal error launching application: 'RotateController' object has no attribute '_build_ui'
2025-07-14 23:14:25,463 - __main__ - INFO - Starting Flow Analysis Lab application
2025-07-14 23:14:25,568 - __main__ - ERROR - Failed to launch application
Traceback (most recent call last):
  File "/Users/ymorocz/Documents/GitHub/FAB/main.py", line 60, in launch_app
    window = UIController(session=session, engine=engine)
             ^^^^^^^^^^^^^^^^^^^^^^^^^^^^^^^^^^^^^^^^^^^^
  File "/Users/ymorocz/Documents/GitHub/FAB/controllers/ui_controller.py", line 36, in __init__
    self._build_ui()
  File "/Users/ymorocz/Documents/GitHub/FAB/controllers/ui_controller.py", line 83, in _build_ui
    self.rotate_ctrl = RotateController(
                       ^^^^^^^^^^^^^^^^^
  File "/Users/ymorocz/Documents/GitHub/FAB/controllers/rotate_controller.py", line 44, in __init__
    self._build_ui()
    ^^^^^^^^^^^^^^
AttributeError: 'RotateController' object has no attribute '_build_ui'
2025-07-14 23:14:25,569 - __main__ - CRITICAL - Fatal error launching application: 'RotateController' object has no attribute '_build_ui'
2025-07-14 23:16:04,568 - __main__ - INFO - Starting Flow Analysis Lab application
2025-07-14 23:16:04,805 - __main__ - INFO - Main window displayed
2025-07-14 23:19:23,504 - __main__ - INFO - Starting Flow Analysis Lab application
2025-07-14 23:19:23,649 - __main__ - ERROR - Failed to launch application
Traceback (most recent call last):
  File "/Users/ymorocz/Documents/GitHub/FAB/main.py", line 60, in launch_app
    window = UIController(session=session, engine=engine)
             ^^^^^^^^^^^^^^^^^^^^^^^^^^^^^^^^^^^^^^^^^^^^
  File "/Users/ymorocz/Documents/GitHub/FAB/controllers/ui_controller.py", line 36, in __init__
    self._build_ui()
  File "/Users/ymorocz/Documents/GitHub/FAB/controllers/ui_controller.py", line 83, in _build_ui
    self.rotate_ctrl = RotateController(
                       ^^^^^^^^^^^^^^^^^
  File "/Users/ymorocz/Documents/GitHub/FAB/controllers/rotate_controller.py", line 40, in __init__
    self._build_ui()
    ^^^^^^^^^^^^^^
AttributeError: 'RotateController' object has no attribute '_build_ui'
2025-07-14 23:19:23,649 - __main__ - CRITICAL - Fatal error launching application: 'RotateController' object has no attribute '_build_ui'
2025-07-14 23:32:08,755 - __main__ - INFO - Starting Flow Analysis Lab application
2025-07-14 23:32:08,977 - __main__ - INFO - Main window displayed
2025-07-14 23:39:52,229 - __main__ - INFO - Starting Flow Analysis Lab application
2025-07-14 23:39:52,439 - __main__ - INFO - Main window displayed
2025-07-14 23:42:53,385 - __main__ - INFO - Starting Flow Analysis Lab application
2025-07-14 23:42:53,537 - __main__ - ERROR - Failed to launch application
Traceback (most recent call last):
  File "/Users/ymorocz/Documents/GitHub/FAB/main.py", line 60, in launch_app
    window = UIController(session=session, engine=engine)
             ^^^^^^^^^^^^^^^^^^^^^^^^^^^^^^^^^^^^^^^^^^^^
  File "/Users/ymorocz/Documents/GitHub/FAB/controllers/ui_controller.py", line 36, in __init__
    self._build_ui()
  File "/Users/ymorocz/Documents/GitHub/FAB/controllers/ui_controller.py", line 79, in _build_ui
    self.scan_ctrl = ScanController(
                     ^^^^^^^^^^^^^^^
  File "/Users/ymorocz/Documents/GitHub/FAB/controllers/scan_controller.py", line 94, in __init__
    self._build_ui()
  File "/Users/ymorocz/Documents/GitHub/FAB/controllers/scan_controller.py", line 120, in _build_ui
    self.preview.mousePressEvent = self._on_mouse_press
                                   ^^^^^^^^^^^^^^^^^^^^
AttributeError: 'ScanController' object has no attribute '_on_mouse_press'
2025-07-14 23:42:53,537 - __main__ - CRITICAL - Fatal error launching application: 'ScanController' object has no attribute '_on_mouse_press'
2025-07-14 23:46:20,387 - __main__ - INFO - Starting Flow Analysis Lab application
2025-07-14 23:46:20,594 - __main__ - INFO - Main window displayed
2025-07-14 23:49:47,482 - __main__ - INFO - Starting Flow Analysis Lab application
2025-07-14 23:49:47,648 - __main__ - ERROR - Failed to launch application
Traceback (most recent call last):
  File "/Users/ymorocz/Documents/GitHub/FAB/main.py", line 60, in launch_app
    window = UIController(session=session, engine=engine)
             ^^^^^^^^^^^^^^^^^^^^^^^^^^^^^^^^^^^^^^^^^^^^
  File "/Users/ymorocz/Documents/GitHub/FAB/controllers/ui_controller.py", line 36, in __init__
    self._build_ui()
  File "/Users/ymorocz/Documents/GitHub/FAB/controllers/ui_controller.py", line 83, in _build_ui
    self.rotate_ctrl = RotateController(
                       ^^^^^^^^^^^^^^^^^
  File "/Users/ymorocz/Documents/GitHub/FAB/controllers/rotate_controller.py", line 40, in __init__
    self._update_preview()
  File "/Users/ymorocz/Documents/GitHub/FAB/controllers/rotate_controller.py", line 173, in _update_preview
    frame = self.engine.get_frame(self.session.start_frame)
            ^^^^^^^^^^^^^^^^^^^^^^^^^^^^^^^^^^^^^^^^^^^^^^^
  File "/Users/ymorocz/Documents/GitHub/FAB/engine/video_engine.py", line 47, in get_frame
    raise RuntimeError("Video not loaded. Call load_video() first.")
RuntimeError: Video not loaded. Call load_video() first.
2025-07-14 23:49:47,649 - __main__ - CRITICAL - Fatal error launching application: Video not loaded. Call load_video() first.
2025-07-14 23:51:08,893 - __main__ - INFO - Starting Flow Analysis Lab application
2025-07-14 23:51:09,103 - __main__ - INFO - Main window displayed
2025-07-14 23:55:51,627 - __main__ - INFO - Starting Flow Analysis Lab application
2025-07-14 23:55:51,855 - __main__ - INFO - Main window displayed
2025-07-14 23:58:56,558 - __main__ - INFO - Starting Flow Analysis Lab application
2025-07-14 23:58:56,772 - __main__ - INFO - Main window displayed
2025-07-15 00:02:06,502 - __main__ - INFO - Starting Flow Analysis Lab application
2025-07-15 00:02:06,720 - __main__ - INFO - Main window displayed
2025-07-15 00:05:15,663 - __main__ - INFO - Starting Flow Analysis Lab application
2025-07-15 00:05:15,888 - __main__ - INFO - Main window displayed
2025-07-15 00:41:51,797 - __main__ - INFO - Starting Flow Analysis Lab application
2025-07-15 00:41:52,065 - __main__ - INFO - Main window displayed
2025-07-15 00:50:31,613 - __main__ - INFO - Starting Flow Analysis Lab application
2025-07-15 00:50:31,818 - __main__ - INFO - Main window displayed
2025-07-15 00:51:15,927 - root - INFO - Line drawn from (560.4, 532.8) to (1409.8, 520.2), angle: -0.8°
2025-07-15 00:51:18,663 - root - INFO - Line drawn from (608.2, 444.8) to (1447.5, 625.8), angle: 12.2°
2025-07-15 00:51:21,488 - root - INFO - Line drawn from (585.5, 608.2) to (1093.2, 507.6), angle: -11.2°
2025-07-15 00:53:08,772 - root - INFO - Line drawn from (1198.7, 1048.0) to (1198.7, 1048.0), angle: 0.0°
2025-07-15 00:53:10,376 - root - INFO - Line drawn from (537.8, 603.1) to (1158.5, 600.6), angle: -0.2°
2025-07-15 00:53:29,119 - __main__ - INFO - Starting Flow Analysis Lab application
2025-07-15 00:53:29,282 - __main__ - INFO - Main window displayed
2025-07-15 00:57:11,887 - __main__ - INFO - Starting Flow Analysis Lab application
2025-07-15 00:57:12,146 - __main__ - INFO - Main window displayed
2025-07-15 00:57:51,448 - root - INFO - Line drawn, angle: -0.7°
2025-07-15 00:57:54,867 - root - INFO - Line drawn, angle: -1.6°
2025-07-15 00:57:57,417 - root - INFO - Line drawn, angle: 4.0°
2025-07-15 01:02:19,866 - __main__ - INFO - Starting Flow Analysis Lab application
2025-07-15 01:02:20,078 - __main__ - INFO - Main window displayed
2025-07-15 01:02:55,103 - root - INFO - Line drawn, angle: -0.7°
2025-07-15 01:02:58,027 - root - INFO - Line drawn, angle: -18.6°
2025-07-15 01:03:00,370 - root - INFO - Line drawn, angle: 10.9°
2025-07-15 01:03:02,430 - root - INFO - Line drawn, angle: -9.5°
2025-07-15 01:03:05,230 - root - INFO - Line drawn, angle: 6.0°
2025-07-15 01:06:38,160 - __main__ - INFO - Starting Flow Analysis Lab application
2025-07-15 01:06:38,430 - __main__ - INFO - Main window displayed
2025-07-15 01:07:15,691 - root - INFO - Line drawn, angle: -0.4°
2025-07-15 01:07:18,619 - root - INFO - Line drawn, angle: -31.3°
2025-07-15 01:07:20,324 - root - INFO - Line drawn, angle: -33.2°
2025-07-15 01:07:21,322 - root - INFO - Line drawn, angle: 29.2°
2025-07-15 01:07:22,231 - root - INFO - Line drawn, angle: -59.1°
2025-07-15 01:11:23,123 - __main__ - INFO - Starting Flow Analysis Lab application
2025-07-15 01:11:23,338 - __main__ - INFO - Main window displayed
2025-07-15 01:15:25,027 - matplotlib.legend - WARNING - No artists with labels found to put in legend.  Note that artists whose label start with an underscore are ignored when legend() is called with no argument.
2025-07-15 01:15:25,029 - matplotlib.legend - WARNING - No artists with labels found to put in legend.  Note that artists whose label start with an underscore are ignored when legend() is called with no argument.
2025-07-15 01:15:28,038 - matplotlib.legend - WARNING - No artists with labels found to put in legend.  Note that artists whose label start with an underscore are ignored when legend() is called with no argument.
2025-07-15 01:15:28,039 - matplotlib.legend - WARNING - No artists with labels found to put in legend.  Note that artists whose label start with an underscore are ignored when legend() is called with no argument.
2025-07-15 01:16:01,548 - __main__ - INFO - Starting Flow Analysis Lab application
2025-07-15 01:16:01,754 - __main__ - INFO - Main window displayed
2025-07-15 01:16:34,632 - root - INFO - Line drawn, angle: -0.7°
2025-07-15 01:16:38,541 - root - INFO - Line drawn, angle: -15.8°
2025-07-15 01:16:44,364 - root - INFO - Line drawn, angle: 25.1°
2025-07-15 01:21:29,306 - __main__ - INFO - Starting Flow Analysis Lab application
2025-07-15 01:21:29,512 - __main__ - INFO - Main window displayed
2025-07-15 01:22:00,253 - root - INFO - Line drawn, angle: -0.3°
2025-07-15 01:22:04,331 - root - INFO - Line drawn, angle: -28.1°
2025-07-15 01:22:46,767 - matplotlib.legend - WARNING - No artists with labels found to put in legend.  Note that artists whose label start with an underscore are ignored when legend() is called with no argument.
2025-07-15 01:22:46,768 - matplotlib.legend - WARNING - No artists with labels found to put in legend.  Note that artists whose label start with an underscore are ignored when legend() is called with no argument.
2025-07-15 01:31:05,014 - __main__ - INFO - Starting Flow Analysis Lab application
2025-07-15 01:31:05,229 - __main__ - INFO - Main window displayed
2025-07-15 01:31:39,666 - root - INFO - Line drawn, angle: -1.2°
2025-07-15 01:31:43,810 - root - INFO - Line drawn, angle: 0.2°
2025-07-15 01:31:48,229 - root - INFO - Line drawn, angle: -26.9°
2025-07-15 01:31:56,157 - root - INFO - Line drawn, angle: 0.0°
2025-07-15 01:33:03,692 - matplotlib.legend - WARNING - No artists with labels found to put in legend.  Note that artists whose label start with an underscore are ignored when legend() is called with no argument.
2025-07-15 01:33:03,693 - matplotlib.legend - WARNING - No artists with labels found to put in legend.  Note that artists whose label start with an underscore are ignored when legend() is called with no argument.
2025-07-15 01:33:08,608 - matplotlib.legend - WARNING - No artists with labels found to put in legend.  Note that artists whose label start with an underscore are ignored when legend() is called with no argument.
2025-07-15 01:33:08,609 - matplotlib.legend - WARNING - No artists with labels found to put in legend.  Note that artists whose label start with an underscore are ignored when legend() is called with no argument.
2025-07-15 01:36:35,158 - __main__ - INFO - Starting Flow Analysis Lab application
2025-07-15 01:36:35,361 - __main__ - INFO - Main window displayed
2025-07-15 01:37:37,877 - root - INFO - Line drawn, angle: -0.7°
2025-07-15 01:37:40,775 - root - INFO - Line drawn, angle: -44.8°
2025-07-15 01:37:45,155 - root - INFO - Line drawn, angle: 44.1°
2025-07-15 01:37:49,028 - root - INFO - Line drawn, angle: -43.3°
2025-07-15 01:41:30,690 - __main__ - INFO - Starting Flow Analysis Lab application
2025-07-15 01:41:30,891 - __main__ - INFO - Main window displayed
2025-07-15 01:42:26,861 - root - INFO - Line drawn, angle: -1.2° → correction: 1.2°
2025-07-15 01:42:31,797 - root - INFO - Line drawn, angle: -1.4° → correction: 1.4°
2025-07-15 01:42:33,993 - root - INFO - Line drawn, angle: -3.3° → correction: 3.3°
2025-07-15 01:42:35,090 - root - INFO - Line drawn, angle: 17.1° → correction: -17.1°
2025-07-15 01:42:49,693 - matplotlib.legend - WARNING - No artists with labels found to put in legend.  Note that artists whose label start with an underscore are ignored when legend() is called with no argument.
2025-07-15 01:42:49,693 - matplotlib.legend - WARNING - No artists with labels found to put in legend.  Note that artists whose label start with an underscore are ignored when legend() is called with no argument.
2025-07-15 01:47:31,843 - __main__ - INFO - Starting Flow Analysis Lab application
2025-07-15 01:47:32,053 - __main__ - INFO - Main window displayed
2025-07-15 01:48:20,652 - root - INFO - Line drawn, angle: -0.5° → correction: 0.5°
2025-07-15 01:48:24,506 - root - INFO - Line drawn, angle: 15.8° → correction: -15.8°
2025-07-15 01:48:28,610 - root - INFO - Line drawn, angle: 14.5° → correction: -14.5°
2025-07-15 01:48:30,870 - root - INFO - Saved rotation matrix for -14° rotation
2025-07-15 01:48:45,367 - matplotlib.legend - WARNING - No artists with labels found to put in legend.  Note that artists whose label start with an underscore are ignored when legend() is called with no argument.
2025-07-15 01:48:45,368 - matplotlib.legend - WARNING - No artists with labels found to put in legend.  Note that artists whose label start with an underscore are ignored when legend() is called with no argument.
2025-07-15 01:52:01,477 - __main__ - INFO - Starting Flow Analysis Lab application
2025-07-15 01:52:01,696 - __main__ - INFO - Main window displayed
2025-07-15 01:52:33,622 - root - INFO - Widget coords: (247,240) → (729,231)
2025-07-15 01:52:33,624 - root - INFO - Image coords: (430,537) → (1510,517)
2025-07-15 01:52:33,648 - root - INFO - Line from (430,537) to (1510,517), angle: -1.1° → correction: 1.1°
2025-07-15 01:52:40,072 - root - INFO - Widget coords: (597,365) → (597,365)
2025-07-15 01:52:40,073 - root - INFO - Image coords: (1214,817) → (1214,817)
2025-07-15 01:52:40,090 - root - INFO - Line from (1214,817) to (1214,817), angle: 0.0° → correction: -0.0°
2025-07-15 01:52:41,822 - root - INFO - Widget coords: (381,245) → (752,245)
2025-07-15 01:52:41,822 - root - INFO - Image coords: (730,548) → (1561,548)
2025-07-15 01:52:41,822 - root - INFO - Line from (730,548) to (1561,548), angle: 0.0° → correction: -0.0°
2025-07-15 01:52:44,455 - root - INFO - Widget coords: (422,306) → (630,209)
2025-07-15 01:52:44,456 - root - INFO - Image coords: (822,685) → (1288,468)
2025-07-15 01:52:44,485 - root - INFO - Line from (822,685) to (1288,468), angle: -25.0° → correction: 25.0°
2025-07-15 01:52:45,835 - root - INFO - Widget coords: (471,327) → (650,247)
2025-07-15 01:52:45,835 - root - INFO - Image coords: (931,732) → (1333,553)
2025-07-15 01:52:45,835 - root - INFO - Line from (931,732) to (1333,553), angle: -24.0° → correction: 24.0°
2025-07-15 01:52:46,855 - root - INFO - Widget coords: (386,209) → (567,190)
2025-07-15 01:52:46,855 - root - INFO - Image coords: (741,468) → (1147,425)
2025-07-15 01:52:46,867 - root - INFO - Line from (741,468) to (1147,425), angle: -6.0° → correction: 6.0°
2025-07-15 01:52:48,555 - root - INFO - Widget coords: (408,252) → (662,230)
2025-07-15 01:52:48,555 - root - INFO - Image coords: (790,564) → (1359,515)
2025-07-15 01:52:48,568 - root - INFO - Line from (790,564) to (1359,515), angle: -4.9° → correction: 4.9°
2025-07-15 01:52:50,538 - root - INFO - Widget coords: (350,245) → (659,223)
2025-07-15 01:52:50,539 - root - INFO - Image coords: (660,548) → (1353,499)
2025-07-15 01:52:50,539 - root - INFO - Line from (660,548) to (1353,499), angle: -4.0° → correction: 4.0°
2025-07-15 01:52:56,307 - root - INFO - Saved rotation matrix for -2° rotation
2025-07-15 08:18:42,102 - __main__ - INFO - Starting Flow Analysis Lab application
2025-07-15 08:18:42,343 - __main__ - INFO - Main window displayed
2025-07-15 08:19:34,032 - root - INFO - Widget coords: (227,236) → (665,231)
2025-07-15 08:19:34,033 - root - INFO - Image coords: (385,528) → (1366,517)
2025-07-15 08:19:34,033 - root - INFO - Line from (385,528) to (1366,517), angle: -0.6° → correction: 0.6°
2025-07-15 08:20:04,250 - root - INFO - Widget coords: (477,391) → (481,392)
2025-07-15 08:20:04,250 - root - INFO - Image coords: (945,876) → (954,878)
2025-07-15 08:20:04,269 - root - INFO - Line from (945,876) to (954,878), angle: 12.5° → correction: -12.5°
2025-07-15 08:20:06,419 - root - INFO - Widget coords: (373,247) → (669,255)
2025-07-15 08:20:06,419 - root - INFO - Image coords: (712,553) → (1375,571)
2025-07-15 08:20:06,431 - root - INFO - Line from (712,553) to (1375,571), angle: 1.6° → correction: -1.6°
2025-07-15 08:20:08,298 - root - INFO - Widget coords: (422,325) → (621,177)
2025-07-15 08:20:08,298 - root - INFO - Image coords: (822,728) → (1268,396)
2025-07-15 08:20:08,319 - root - INFO - Line from (822,728) to (1268,396), angle: -36.7° → correction: 36.7°
2025-07-15 08:20:09,084 - root - INFO - Widget coords: (337,232) → (546,271)
2025-07-15 08:20:09,084 - root - INFO - Image coords: (631,519) → (1100,607)
2025-07-15 08:20:09,096 - root - INFO - Line from (631,519) to (1100,607), angle: 10.6° → correction: -10.6°
2025-07-15 08:20:22,831 - root - INFO - Widget coords: (435,173) → (691,307)
2025-07-15 08:20:22,832 - root - INFO - Image coords: (851,387) → (1424,687)
2025-07-15 08:20:22,852 - root - INFO - Line from (851,387) to (1424,687), angle: 27.6° → correction: -27.6°
2025-07-15 08:20:24,083 - root - INFO - Widget coords: (362,277) → (580,271)
2025-07-15 08:20:24,083 - root - INFO - Image coords: (687,620) → (1176,607)
2025-07-15 08:20:24,094 - root - INFO - Line from (687,620) to (1176,607), angle: -1.5° → correction: 1.5°
2025-07-15 08:20:54,150 - root - INFO - Widget coords: (824,237) → (822,237)
2025-07-15 08:20:54,150 - root - INFO - Image coords: (1722,531) → (1718,531)
2025-07-15 08:20:54,163 - root - INFO - Line from (1722,531) to (1718,531), angle: 180.0° → correction: -180.0°
2025-07-15 08:20:55,345 - root - INFO - Saved rotation matrix for -180° rotation
2025-07-15 08:24:42,707 - __main__ - INFO - Starting Flow Analysis Lab application
2025-07-15 08:24:42,931 - __main__ - INFO - Main window displayed
2025-07-15 08:25:20,640 - root - INFO - Widget coords: (268,243) → (637,240)
2025-07-15 08:25:20,641 - root - INFO - Image coords: (477,544) → (1303,537)
2025-07-15 08:25:20,641 - root - INFO - Line from (477,544) to (1303,537), angle: -0.5° → correction: 0.5°
2025-07-15 08:25:26,776 - root - INFO - Widget coords: (175,333) → (474,299)
2025-07-15 08:25:26,776 - root - INFO - Image coords: (268,746) → (938,669)
2025-07-15 08:25:26,793 - root - INFO - Line from (268,746) to (938,669), angle: -6.6° → correction: 6.6°
2025-07-15 08:25:31,906 - root - INFO - Widget coords: (206,151) → (433,161)
2025-07-15 08:25:31,906 - root - INFO - Image coords: (338,338) → (846,360)
2025-07-15 08:25:31,923 - root - INFO - Line from (338,338) to (846,360), angle: 2.5° → correction: -2.5°
2025-07-15 08:25:35,517 - root - INFO - Widget coords: (192,101) → (442,140)
2025-07-15 08:25:35,517 - root - INFO - Image coords: (306,226) → (867,313)
2025-07-15 08:25:35,535 - root - INFO - Line from (306,226) to (867,313), angle: 8.8° → correction: -8.8°
2025-07-15 08:25:41,378 - root - INFO - Widget coords: (224,225) → (767,295)
2025-07-15 08:25:41,379 - root - INFO - Image coords: (378,504) → (1595,660)
2025-07-15 08:25:41,404 - root - INFO - Line from (378,504) to (1595,660), angle: 7.3° → correction: -7.3°
2025-07-15 08:25:43,789 - root - INFO - Saved rotation matrix for -7° rotation
